Build started 10/18/2014 5:47:29 PM.
Project "D:\Dokumenty\FRI\3.semester\inf3\samovyucba\pristup_k_polozke_cez_smernik\pristup_k_polozke_cez_smernik\pristup_k_polozke_cez_smernik\pristup_k_polozke_cez_smernik.vcxproj" on node 2 (Build target(s)).
ClCompile:
  C:\Programme\Microsoft Visual Studio 12.0\VC\bin\CL.exe /c /ZI /nologo /W3 /WX- /Od /Oy- /D WIN32 /D _DEBUG /D _CONSOLE /D _LIB /D _UNICODE /D UNICODE /Gm /EHsc /RTC1 /MDd /GS /fp:precise /Zc:wchar_t /Zc:forScope /Fo"Debug\\" /Fd"Debug\vc120.pdb" /Gd /TP /analyze- /errorReport:prompt pristup_k_polozke_cez_smernik.cpp
  pristup_k_polozke_cez_smernik.cpp
d:\dokumenty\fri\3.semester\inf3\samovyucba\pristup_k_polozke_cez_smernik\pristup_k_polozke_cez_smernik\pristup_k_polozke_cez_smernik\pristup_k_polozke_cez_smernik.cpp(15): error C4430: missing type specifier - int assumed. Note: C++ does not support default-int
d:\dokumenty\fri\3.semester\inf3\samovyucba\pristup_k_polozke_cez_smernik\pristup_k_polozke_cez_smernik\pristup_k_polozke_cez_smernik\pristup_k_polozke_cez_smernik.cpp(15): error C2040: 'ptr' : 'int' differs in levels of indirection from 'Student *'
d:\dokumenty\fri\3.semester\inf3\samovyucba\pristup_k_polozke_cez_smernik\pristup_k_polozke_cez_smernik\pristup_k_polozke_cez_smernik\pristup_k_polozke_cez_smernik.cpp(15): error C2440: 'initializing' : cannot convert from 'Student *' to 'int'
          There is no context in which this conversion is possible
Done Building Project "D:\Dokumenty\FRI\3.semester\inf3\samovyucba\pristup_k_polozke_cez_smernik\pristup_k_polozke_cez_smernik\pristup_k_polozke_cez_smernik\pristup_k_polozke_cez_smernik.vcxproj" (Build target(s)) -- FAILED.

Build FAILED.

Time Elapsed 00:00:02.53
