Build started 1/7/2015 7:38:33 PM.
Project "F:\Dokumenty\FRI\3.semester\soj\cvika\cvicenie 9 - postuponost cisel, minimum\Project.vcxproj" on node 2 (Build target(s)).
_MASM:
  Assembling main.asm...
  cmd.exe /C "C:\Users\Andy\AppData\Local\Temp\tmp768a625ff43448d5b8e6bf35bb49450c.cmd"
  ml.exe /c /nologo /Zi /Fo"Debug\main.obj" /I "c:\Irvine" /W3 /errorReport:prompt  /Tamain.asm
main.asm(23): error A2008: syntax error : in instruction
C:\Program Files (x86)\MSBuild\Microsoft.Cpp\v4.0\V120\BuildCustomizations\masm.targets(50,5): error MSB3721: The command "ml.exe /c /nologo /Zi /Fo"Debug\main.obj" /I "c:\Irvine" /W3 /errorReport:prompt  /Tamain.asm" exited with code 1.
Done Building Project "F:\Dokumenty\FRI\3.semester\soj\cvika\cvicenie 9 - postuponost cisel, minimum\Project.vcxproj" (Build target(s)) -- FAILED.

Build FAILED.

Time Elapsed 00:00:01.48
