Build started 1/3/2015 3:57:05 AM.
     1>Project "F:\Dokumenty\FRI\3.semester\soj\skuska\testovaci_priecinok\najdiMinimum\Project.vcxproj" on node 2 (Build target(s)).
     1>_MASM:
         Assembling main.asm...
         cmd.exe /C "C:\Users\Andy\AppData\Local\Temp\tmpfece7ad38482497387f9033834a706e0.cmd"
         ml.exe /c /nologo /Zi /Fo"Debug\main.obj" /I "c:\Irvine" /W3 /errorReport:prompt  /Tamain.asm
     1>main.asm(1): error A2034: must be in segment block
     1>main.asm(3): error A2045: missing angle bracket or brace in literal
     1>main.asm(4): error A2044: invalid character in file
     1>main.asm(5): error A2008: syntax error : points
     1>main.asm(6): error A2008: syntax error : >
     1>main.asm(7): error A2008: syntax error : >
     1>main.asm(8): error A2044: invalid character in file
     1>main.asm(9): error A2044: invalid character in file
     1>main.asm(10): error A2008: syntax error : >
     1>main.asm(11): error A2008: syntax error : >
     1>main.asm(12): error A2008: syntax error : >
     1>main.asm(13): error A2044: invalid character in file
     1>main.asm(14): error A2045: missing angle bracket or brace in literal
     1>main.asm(15): error A2008: syntax error : >
     1>main.asm(16): error A2008: syntax error : >
     1>main.asm(17): error A2008: syntax error : >
     1>main.asm(18): error A2008: syntax error : try
     1>main.asm(20): error A2034: must be in segment block
     1>main.asm(21): error A2045: missing angle bracket or brace in literal
     1>main.asm(22): error A2045: missing angle bracket or brace in literal
     1>main.asm(23): error A2045: missing angle bracket or brace in literal
     1>main.asm(24): error A2045: missing angle bracket or brace in literal
     1>main.asm(25): error A2045: missing angle bracket or brace in literal
     1>main.asm(26): error A2045: missing angle bracket or brace in literal
     1>main.asm(27): error A2045: missing angle bracket or brace in literal
     1>main.asm(28): error A2045: missing angle bracket or brace in literal
     1>main.asm(29): error A2045: missing angle bracket or brace in literal
     1>main.asm(30): error A2045: missing angle bracket or brace in literal
     1>main.asm(31): error A2045: missing angle bracket or brace in literal
     1>main.asm(32): error A2045: missing angle bracket or brace in literal
     1>main.asm(33): error A2045: missing angle bracket or brace in literal
     1>main.asm(34): error A2045: missing angle bracket or brace in literal
     1>main.asm(35): error A2045: missing angle bracket or brace in literal
     1>main.asm(36): error A2045: missing angle bracket or brace in literal
     1>main.asm(37): error A2045: missing angle bracket or brace in literal
     1>main.asm(38): error A2045: missing angle bracket or brace in literal
     1>main.asm(39): error A2045: missing angle bracket or brace in literal
     1>main.asm(40): error A2045: missing angle bracket or brace in literal
     1>main.asm(41): error A2045: missing angle bracket or brace in literal
     1>main.asm(42): error A2045: missing angle bracket or brace in literal
     1>main.asm(43): error A2045: missing angle bracket or brace in literal
     1>main.asm(44): error A2045: missing angle bracket or brace in literal
     1>main.asm(45): error A2045: missing angle bracket or brace in literal
     1>main.asm(46): error A2045: missing angle bracket or brace in literal
     1>main.asm(47): error A2045: missing angle bracket or brace in literal
     1>main.asm(48): error A2045: missing angle bracket or brace in literal
     1>main.asm(49): error A2045: missing angle bracket or brace in literal
     1>main.asm(50): error A2045: missing angle bracket or brace in literal
     1>main.asm(51): error A2045: missing angle bracket or brace in literal
     1>main.asm(52): error A2045: missing angle bracket or brace in literal
     1>main.asm(53): error A2045: missing angle bracket or brace in literal
     1>main.asm(54): error A2045: missing angle bracket or brace in literal
     1>main.asm(55): error A2045: missing angle bracket or brace in literal
     1>main.asm(56): error A2045: missing angle bracket or brace in literal
     1>main.asm(57): error A2045: missing angle bracket or brace in literal
     1>main.asm(58): error A2045: missing angle bracket or brace in literal
     1>main.asm(59): error A2045: missing angle bracket or brace in literal
     1>main.asm(60): error A2045: missing angle bracket or brace in literal
     1>main.asm(61): error A2045: missing angle bracket or brace in literal
     1>main.asm(62): error A2045: missing angle bracket or brace in literal
     1>main.asm(63): error A2045: missing angle bracket or brace in literal
     1>main.asm(64): error A2045: missing angle bracket or brace in literal
     1>main.asm(65): error A2045: missing angle bracket or brace in literal
     1>main.asm(66): error A2045: missing angle bracket or brace in literal
     1>main.asm(67): error A2045: missing angle bracket or brace in literal
     1>main.asm(68): error A2045: missing angle bracket or brace in literal
     1>main.asm(69): error A2045: missing angle bracket or brace in literal
     1>main.asm(70): error A2045: missing angle bracket or brace in literal
     1>main.asm(71): error A2045: missing angle bracket or brace in literal
     1>main.asm(72): error A2045: missing angle bracket or brace in literal
     1>main.asm(73): error A2045: missing angle bracket or brace in literal
     1>main.asm(74): error A2045: missing angle bracket or brace in literal
     1>main.asm(75): error A2045: missing angle bracket or brace in literal
     1>main.asm(76): error A2045: missing angle bracket or brace in literal
     1>main.asm(77): error A2045: missing angle bracket or brace in literal
     1>main.asm(78): error A2045: missing angle bracket or brace in literal
     1>main.asm(79): error A2045: missing angle bracket or brace in literal
     1>main.asm(80): error A2045: missing angle bracket or brace in literal
     1>main.asm(81): error A2045: missing angle bracket or brace in literal
     1>main.asm(82): error A2045: missing angle bracket or brace in literal
     1>main.asm(83): error A2045: missing angle bracket or brace in literal
     1>main.asm(84): error A2045: missing angle bracket or brace in literal
     1>main.asm(85): error A2045: missing angle bracket or brace in literal
     1>main.asm(86): error A2045: missing angle bracket or brace in literal
     1>main.asm(87): error A2045: missing angle bracket or brace in literal
     1>main.asm(88): error A2045: missing angle bracket or brace in literal
     1>main.asm(89): error A2045: missing angle bracket or brace in literal
     1>main.asm(90): error A2045: missing angle bracket or brace in literal
     1>main.asm(91): error A2045: missing angle bracket or brace in literal
     1>main.asm(92): error A2045: missing angle bracket or brace in literal
     1>main.asm(93): error A2045: missing angle bracket or brace in literal
     1>main.asm(94): error A2045: missing angle bracket or brace in literal
     1>main.asm(95): error A2045: missing angle bracket or brace in literal
     1>main.asm(96): error A2045: missing angle bracket or brace in literal
     1>main.asm(97): error A2045: missing angle bracket or brace in literal
     1>main.asm(98): error A2045: missing angle bracket or brace in literal
     1>main.asm(99): error A2045: missing angle bracket or brace in literal
     1>main.asm(100): error A2045: missing angle bracket or brace in literal
     1>main.asm(101): error A2045: missing angle bracket or brace in literal
     1>main.asm(102): error A2045: missing angle bracket or brace in literal
     1>main.asm(103): fatal error A1012: error count exceeds 100; stopping assembly
     1>C:\Program Files (x86)\MSBuild\Microsoft.Cpp\v4.0\V120\BuildCustomizations\masm.targets(50,5): error MSB3721: The command "ml.exe /c /nologo /Zi /Fo"Debug\main.obj" /I "c:\Irvine" /W3 /errorReport:prompt  /Tamain.asm" exited with code 1.
     1>Done Building Project "F:\Dokumenty\FRI\3.semester\soj\skuska\testovaci_priecinok\najdiMinimum\Project.vcxproj" (Build target(s)) -- FAILED.

Build FAILED.

Time Elapsed 00:00:01.23
